TN:
SF:/Users/kubafogel/Desktop/Front/testing-js/src/async.js
FN:3,(anonymous_0)
FN:4,(anonymous_1)
FN:5,(anonymous_2)
FN:6,(anonymous_3)
FN:20,(anonymous_4)
FN:21,(anonymous_5)
FN:22,(anonymous_6)
FN:23,(anonymous_7)
FNF:8
FNH:8
FNDA:3,(anonymous_0)
FNDA:3,(anonymous_1)
FNDA:3,(anonymous_2)
FNDA:6,(anonymous_3)
FNDA:2,(anonymous_4)
FNDA:2,(anonymous_5)
FNDA:2,(anonymous_6)
FNDA:6,(anonymous_7)
DA:1,1
DA:3,1
DA:4,3
DA:5,3
DA:6,6
DA:8,3
DA:9,1
DA:12,2
DA:20,1
DA:21,2
DA:22,2
DA:23,6
DA:25,2
DA:26,1
DA:29,1
DA:37,1
LF:16
LH:16
BRDA:8,0,0,1
BRDA:8,0,1,2
BRDA:25,1,0,1
BRDA:25,1,1,1
BRF:4
BRH:4
end_of_record
TN:
SF:/Users/kubafogel/Desktop/Front/testing-js/src/index.js
FN:1,add
FNF:1
FNH:1
FNDA:2,add
DA:3,2
DA:4,1
DA:7,1
DA:12,1
LF:4
LH:4
BRDA:3,0,0,1
BRDA:3,0,1,1
BRDA:3,1,0,2
BRDA:3,1,1,1
BRF:4
BRH:4
end_of_record
TN:
SF:/Users/kubafogel/Desktop/Front/testing-js/src/query.js
FN:3,(anonymous_0)
FN:11,(anonymous_1)
FN:19,(anonymous_2)
FN:20,(anonymous_3)
FN:25,(anonymous_4)
FNF:5
FNH:5
FNDA:2,(anonymous_0)
FNDA:4,(anonymous_1)
FNDA:2,(anonymous_2)
FNDA:6,(anonymous_3)
FNDA:2,(anonymous_4)
DA:3,1
DA:4,2
DA:5,1
DA:7,2
DA:9,2
DA:11,2
DA:12,4
DA:13,4
DA:16,2
DA:19,1
DA:20,6
DA:21,2
DA:25,1
DA:26,2
DA:27,2
DA:28,2
DA:29,4
DA:31,2
DA:34,1
LF:19
LH:19
BRDA:4,0,0,1
BRDA:4,0,1,1
BRDA:20,1,0,6
BRDA:20,1,1,5
BRDA:20,1,2,2
BRF:5
BRH:5
end_of_record
TN:
SF:/Users/kubafogel/Desktop/Front/testing-js/src/db/users.js
FNF:0
FNH:0
DA:1,1
LF:1
LH:1
BRF:0
BRH:0
end_of_record
